<?xml version="1.0" encoding="UTF-8"?>
<!-- Generated by org.testng.reporters.JUnitReportReporter -->
<testsuite hostname="pushah.local" failures="0" tests="2" name="com.scenario.one.NewTest" time="1.429" errors="0" timestamp="2020-08-02T04:26:21 IST" skipped="0">
  <testcase classname="com.scenario.one.NewTest" name="testGooglePageTitleInIEBrowser" time="0.706"/>
  <system-out/>
  <testcase classname="com.scenario.one.NewTest" name="testGooglePageTitleInIEBrowser" time="0.723"/>
  <system-out/>
</testsuite> <!-- com.scenario.one.NewTest -->
